[01:41:28] [ServerMain/INFO]: [bootstrap] Running Java 21 (OpenJDK 64-Bit Server VM 21.0.7+6-Ubuntu-0ubuntu120.04; Ubuntu null) on Linux 6.8.0-1027-azure (amd64)
[01:41:28] [ServerMain/INFO]: [bootstrap] Loading Paper 1.21-130-master@b1b5d4c (2024-08-10T10:02:42Z) for Minecraft 1.21
[01:41:28] [ServerMain/INFO]: [PluginInitializerManager] Initializing plugins...
[01:41:29] [Paper Plugin Remapper Thread - 0/INFO]: [ReobfServer] Remapping server...
[01:41:35] [Paper Plugin Remapper Thread - 0/INFO]: [ReobfServer] Done remapping server in 5381ms.
[01:41:35] [Paper Plugin Remapper Thread - 2/INFO]: [PluginRemapper] Remapping plugin 'plugins/floodgate-spigot.jar'...
[01:41:37] [Paper Plugin Remapper Thread - 2/INFO]: [PluginRemapper] Done remapping plugin 'plugins/floodgate-spigot.jar' in 2306ms.
[01:41:37] [ServerMain/INFO]: [PluginInitializerManager] Initialized 3 plugins
[01:41:37] [ServerMain/INFO]: [PluginInitializerManager] Bukkit plugins (3):
 - Geyser-Spigot (2.7.1-SNAPSHOT), ViaVersion (5.3.2), floodgate (2.2.4-SNAPSHOT (b116-0e3163c))
[01:41:41] [ServerMain/INFO]: Environment: Environment[sessionHost=https://sessionserver.mojang.com, servicesHost=https://api.minecraftservices.com, name=PROD]
[01:41:41] [ServerMain/INFO]: Found new data pack file/bukkit, loading it automatically
[01:41:41] [ServerMain/INFO]: Found new data pack paper, loading it automatically
[01:41:42] [ServerMain/INFO]: Loaded 1290 recipes
[01:41:43] [ServerMain/INFO]: Loaded 1399 advancements
[01:41:43] [Server thread/INFO]: Starting minecraft server version 1.21
[01:41:43] [Server thread/INFO]: Loading properties
[01:41:43] [Server thread/INFO]: This server is running Paper version 1.21-130-master@b1b5d4c (2024-08-10T10:02:42Z) (Implementing API version 1.21-R0.1-SNAPSHOT)
[01:41:44] [Server thread/INFO]: [spark] This server bundles the spark profiler. For more information please visit https://docs.papermc.io/paper/profiling
[01:41:44] [Server thread/INFO]: Server Ping Player Sample Count: 12
[01:41:44] [Server thread/INFO]: Using 4 threads for Netty based IO
[01:41:44] [Server thread/INFO]: [ChunkTaskScheduler] Chunk system is using 1 I/O threads, 1 worker threads, and population gen parallelism of 1 threads
[01:41:45] [Server thread/INFO]: Default game type: SURVIVAL
[01:41:45] [Server thread/INFO]: Generating keypair
[01:41:45] [Server thread/INFO]: Starting Minecraft server on *:25565
[01:41:45] [Server thread/INFO]: Using epoll channel type
[01:41:45] [Server thread/INFO]: Paper: Using libdeflate (Linux x86_64) compression from Velocity.
[01:41:45] [Server thread/INFO]: Paper: Using OpenSSL 1.1.x (Linux x86_64) cipher from Velocity.
[01:41:46] [Server thread/INFO]: [floodgate] Loading server plugin floodgate v2.2.4-SNAPSHOT (b116-0e3163c)
[01:41:48] [Server thread/WARN]: [floodgate] en_ is not a supported Floodgate language.
[01:41:48] [Server thread/INFO]: [floodgate] Took 1,981ms to boot Floodgate
[01:41:48] [Server thread/INFO]: [ViaVersion] Loading server plugin ViaVersion v5.3.2
[01:41:48] [Server thread/INFO]: [ViaVersion] ViaVersion 5.3.2 is now loaded. Registering protocol transformers and injecting...
[01:41:49] [Via-Mappingloader-0/INFO]: [ViaVersion] Loading block connection mappings ...
[01:41:49] [Via-Mappingloader-0/INFO]: [ViaVersion] Using FastUtil Long2ObjectOpenHashMap for block connections
[01:41:51] [Server thread/INFO]: [Geyser-Spigot] Loading server plugin Geyser-Spigot v2.7.1-SNAPSHOT
[01:41:52] [Server thread/INFO]: [Geyser-Spigot] Loading extensions...
[01:41:52] [Server thread/INFO]: [Geyser-Spigot] Loaded 0 extension(s)
[01:41:52] [Server thread/WARN]: **** SERVER IS RUNNING IN OFFLINE/INSECURE MODE!
[01:41:52] [Server thread/WARN]: The server will make no attempt to authenticate usernames. Beware.
[01:41:52] [Server thread/WARN]: While this makes the game possible to play without internet access, it also opens up the ability for hackers to connect with any username they choose.
[01:41:52] [Server thread/WARN]: To change this, set "online-mode" to "true" in the server.properties file.
[01:41:52] [Server thread/INFO]: Preparing level "world"
[01:41:53] [Server thread/INFO]: ---- Migration of old nether folder required ----
[01:41:53] [Server thread/INFO]: Unfortunately due to the way that Minecraft implemented multiworld support in 1.6, Bukkit requires that you move your nether folder to a new location in order to operate correctly.
[01:41:53] [Server thread/INFO]: We will move this folder for you, but it will mean that you need to move it back should you wish to stop using Bukkit in the future.
[01:41:53] [Server thread/INFO]: Attempting to move world/DIM-1 to world_nether/DIM-1...
[01:41:53] [Server thread/INFO]: Success! To restore nether in the future, simply move world_nether/DIM-1 to world/DIM-1
[01:41:53] [Server thread/INFO]: ---- Migration of old nether folder complete ----
[01:41:53] [Server thread/INFO]: ---- Migration of old the_end folder required ----
[01:41:53] [Server thread/INFO]: Unfortunately due to the way that Minecraft implemented multiworld support in 1.6, Bukkit requires that you move your the_end folder to a new location in order to operate correctly.
[01:41:53] [Server thread/INFO]: We will move this folder for you, but it will mean that you need to move it back should you wish to stop using Bukkit in the future.
[01:41:53] [Server thread/INFO]: Attempting to move world/DIM1 to world_the_end/DIM1...
[01:41:53] [Server thread/INFO]: Success! To restore the_end in the future, simply move world_the_end/DIM1 to world/DIM1
[01:41:53] [Server thread/INFO]: ---- Migration of old the_end folder complete ----
[01:41:53] [Server thread/INFO]: Preparing start region for dimension minecraft:overworld
[01:41:54] [Server thread/INFO]: Time elapsed: 1161 ms
[01:41:54] [Server thread/INFO]: Preparing start region for dimension minecraft:the_nether
[01:41:58] [Server thread/INFO]: Time elapsed: 4275 ms
[01:41:58] [Server thread/INFO]: Preparing start region for dimension minecraft:the_end
[01:41:59] [Server thread/INFO]: Time elapsed: 614 ms
[01:41:59] [Server thread/INFO]: [floodgate] Enabling floodgate v2.2.4-SNAPSHOT (b116-0e3163c)
[01:42:00] [Server thread/INFO]: [ViaVersion] Enabling ViaVersion v5.3.2
[01:42:00] [Server thread/INFO]: [ViaVersion] ViaVersion detected server version: 1.21-1.21.1 (767)
[01:42:00] [Server thread/INFO]: [Geyser-Spigot] Enabling Geyser-Spigot v2.7.1-SNAPSHOT
[01:42:01] [Server thread/INFO]: [spark] Starting background profiler...
[01:42:01] [Server thread/INFO]: [Geyser-Spigot] ******************************************
[01:42:01] [Server thread/INFO]: [Geyser-Spigot] 
[01:42:01] [Server thread/INFO]: [Geyser-Spigot] Loading Geyser version 2.7.1-b833 (git-master-d0be6d9)
[01:42:01] [Server thread/INFO]: [Geyser-Spigot] 
[01:42:01] [Server thread/INFO]: [Geyser-Spigot] ******************************************
[01:42:09] [ForkJoinPool.commonPool-worker-2/WARN]: [Geyser-Spigot] Missing MC locale file: en_us
[01:42:09] [ForkJoinPool.commonPool-worker-2/INFO]: [Geyser-Spigot] Downloading Minecraft JAR to extract required files, please wait... (this may take some time depending on the speed of your internet connection)
[01:42:09] [Server thread/INFO]: [Geyser-Spigot] Started Geyser on UDP port 19132
[01:42:09] [Server thread/INFO]: [Geyser-Spigot] Done (8.175s)! Run /geyser help for help!
[01:42:09] [Server thread/INFO]: Done preparing level "world" (16.833s)
[01:42:09] [Server thread/INFO]: Running delayed init tasks
[01:42:09] [Server thread/INFO]: Done (41.944s)! For help, type "help"
[01:42:09] [Server thread/INFO]: *************************************************************************************
[01:42:09] [Server thread/INFO]: This is the first time you're starting this server.
[01:42:09] [Server thread/INFO]: It's recommended you read our 'Getting Started' documentation for guidance.
[01:42:09] [Server thread/INFO]: View this and more helpful information here: https://docs.papermc.io/paper/next-steps
[01:42:09] [Server thread/INFO]: *************************************************************************************
[01:42:09] [Craft Scheduler Thread - 2 - ViaVersion/INFO]: [ViaVersion] Finished mapping loading, shutting down loader executor.
[01:42:09] [Server thread/INFO]: Timings Reset
[01:42:10] [ForkJoinPool.commonPool-worker-2/INFO]: [Geyser-Spigot] Minecraft JAR has been successfully downloaded and loaded!
[01:44:50] [Server thread/INFO]: Stopping the server
[01:44:50] [Server thread/INFO]: Stopping server
[01:44:50] [Server thread/INFO]: [Geyser-Spigot] Disabling Geyser-Spigot v2.7.1-SNAPSHOT
[01:44:50] [Server thread/INFO]: [Geyser-Spigot] Shutting down Geyser.
[01:44:50] [Server thread/INFO]: [Geyser-Spigot] Geyser shutdown successfully.
[01:44:50] [Server thread/INFO]: [ViaVersion] Disabling ViaVersion v5.3.2
[01:44:50] [Server thread/INFO]: [ViaVersion] ViaVersion has been disabled; uninjected the platform and shut down the scheduler.
[01:44:50] [Server thread/INFO]: [floodgate] Disabling floodgate v2.2.4-SNAPSHOT (b116-0e3163c)
[01:44:50] [Server thread/INFO]: Saving players
[01:44:51] [Server thread/INFO]: Saving worlds
[01:44:51] [Server thread/INFO]: Saving chunks for level 'ServerLevel[world]'/minecraft:overworld
[01:44:51] [WebSocketConnectReadThread-89/INFO]: [Geyser-Spigot] The skin uploader has been closed
[01:44:51] [Server thread/INFO]: [ChunkHolderManager] Waiting 60s for chunk system to halt for world 'world'
[01:44:51] [Server thread/INFO]: [ChunkHolderManager] Halted chunk system for world 'world'
[01:44:51] [Server thread/INFO]: [ChunkHolderManager] Saving all chunkholders for world 'world'
[01:44:51] [Server thread/INFO]: [ChunkHolderManager] Saved 49 block chunks, 49 entity chunks, 0 poi chunks in world 'world' in 0.24s
[01:44:51] [Server thread/INFO]: Saving chunks for level 'ServerLevel[world_nether]'/minecraft:the_nether
[01:44:51] [Server thread/INFO]: [ChunkHolderManager] Waiting 60s for chunk system to halt for world 'world_nether'
[01:44:51] [Server thread/INFO]: [ChunkHolderManager] Halted chunk system for world 'world_nether'
[01:44:51] [Server thread/INFO]: [ChunkHolderManager] Saving all chunkholders for world 'world_nether'
[01:44:51] [Server thread/INFO]: [ChunkHolderManager] Saved 841 block chunks, 49 entity chunks, 0 poi chunks in world 'world_nether' in 0.56s
[01:44:51] [Server thread/INFO]: Saving chunks for level 'ServerLevel[world_the_end]'/minecraft:the_end
[01:44:51] [Server thread/INFO]: [ChunkHolderManager] Waiting 60s for chunk system to halt for world 'world_the_end'
[01:44:51] [Server thread/INFO]: [ChunkHolderManager] Halted chunk system for world 'world_the_end'
[01:44:51] [Server thread/INFO]: [ChunkHolderManager] Saving all chunkholders for world 'world_the_end'
[01:44:52] [Server thread/INFO]: [ChunkHolderManager] Saved 841 block chunks, 49 entity chunks, 0 poi chunks in world 'world_the_end' in 0.30s
[01:44:52] [Server thread/INFO]: ThreadedAnvilChunkStorage (world): All chunks are saved
[01:44:52] [Server thread/INFO]: ThreadedAnvilChunkStorage (DIM-1): All chunks are saved
[01:44:52] [Server thread/INFO]: ThreadedAnvilChunkStorage (DIM1): All chunks are saved
[01:44:52] [Server thread/INFO]: ThreadedAnvilChunkStorage: All dimensions are saved
